<?xml version="1.0" encoding="UTF-8"?>
<coverage generated="1497359531">
  <project timestamp="1497359531">
    <package name="Kabas">
      <file name="/Users/whitecube/Sites/Kabas/core/src/Kabas/App.php">
        <class name="App" namespace="Kabas">
          <metrics complexity="13" methods="10" coveredmethods="10" conditionals="0" coveredconditionals="0" statements="38" coveredstatements="38" elements="48" coveredelements="48"/>
        </class>
        <line num="34" type="method" name="__construct" visibility="public" complexity="1" crap="1" count="46"/>
        <line num="36" type="stmt" count="46"/>
        <line num="37" type="stmt" count="46"/>
        <line num="38" type="stmt" count="46"/>
        <line num="39" type="stmt" count="46"/>
        <line num="55" type="method" name="boot" visibility="public" complexity="1" crap="1" count="12"/>
        <line num="57" type="stmt" count="12"/>
        <line num="58" type="stmt" count="12"/>
        <line num="59" type="stmt" count="12"/>
        <line num="60" type="stmt" count="12"/>
        <line num="61" type="stmt" count="12"/>
        <line num="62" type="stmt" count="12"/>
        <line num="63" type="stmt" count="12"/>
        <line num="64" type="stmt" count="12"/>
        <line num="65" type="stmt" count="12"/>
        <line num="71" type="method" name="loadAliases" visibility="public" complexity="2" crap="2" count="12"/>
        <line num="73" type="stmt" count="12"/>
        <line num="74" type="stmt" count="12"/>
        <line num="76" type="stmt" count="12"/>
        <line num="78" type="method" name="loadTranslations" visibility="public" complexity="1" crap="1" count="12"/>
        <line num="80" type="stmt" count="12"/>
        <line num="81" type="stmt" count="12"/>
        <line num="82" type="stmt" count="12"/>
        <line num="83" type="stmt" count="12"/>
        <line num="84" type="stmt" count="12"/>
        <line num="90" type="method" name="getInstance" complexity="1" crap="1" count="16"/>
        <line num="92" type="stmt" count="16"/>
        <line num="99" type="method" name="setDriver" complexity="1" crap="1" count="36"/>
        <line num="101" type="stmt" count="36"/>
        <line num="102" type="stmt" count="36"/>
        <line num="108" type="method" name="version" visibility="public" complexity="1" crap="1" count="1"/>
        <line num="110" type="stmt" count="1"/>
        <line num="117" type="method" name="registerPaths" visibility="protected" complexity="1" crap="1" count="46"/>
        <line num="119" type="stmt" count="46"/>
        <line num="120" type="stmt" count="46"/>
        <line num="121" type="stmt" count="46"/>
        <line num="122" type="stmt" count="46"/>
        <line num="123" type="stmt" count="46"/>
        <line num="124" type="stmt" count="46"/>
        <line num="125" type="stmt" count="46"/>
        <line num="126" type="stmt" count="46"/>
        <line num="132" type="method" name="registerBindings" visibility="protected" complexity="1" crap="1" count="46"/>
        <line num="134" type="stmt" count="46"/>
        <line num="135" type="stmt" count="46"/>
        <line num="136" type="stmt" count="46"/>
        <line num="137" type="method" name="anonymous function" complexity="1" crap="1" count="46"/>
        <line num="138" type="stmt" count="16"/>
        <line num="139" type="stmt" count="46"/>
        <line num="140" type="stmt" count="46"/>
        <line num="141" type="stmt" count="46"/>
        <line num="142" type="stmt" count="46"/>
        <line num="143" type="stmt" count="46"/>
        <line num="144" type="stmt" count="46"/>
        <metrics loc="146" ncloc="103" classes="1" methods="10" coveredmethods="10" conditionals="0" coveredconditionals="0" statements="43" coveredstatements="43" elements="53" coveredelements="53"/>
      </file>
    </package>
    <package name="Kabas\Cmd">
      <file name="/Users/whitecube/Sites/Kabas/core/src/Kabas/Cmd/Commander.php">
        <class name="Commander" namespace="Kabas\Cmd">
          <metrics complexity="70" methods="22" coveredmethods="0" conditionals="0" coveredconditionals="0" statements="207" coveredstatements="0" elements="229" coveredelements="0"/>
        </class>
        <line num="18" type="method" name="__construct" visibility="public" complexity="2" crap="6" count="0"/>
        <line num="19" type="stmt" count="0"/>
        <line num="20" type="stmt" count="0"/>
        <line num="21" type="stmt" count="0"/>
        <line num="22" type="stmt" count="0"/>
        <line num="23" type="stmt" count="0"/>
        <line num="24" type="stmt" count="0"/>
        <line num="25" type="stmt" count="0"/>
        <line num="27" type="stmt" count="0"/>
        <line num="28" type="stmt" count="0"/>
        <line num="29" type="stmt" count="0"/>
        <line num="30" type="stmt" count="0"/>
        <line num="31" type="stmt" count="0"/>
        <line num="32" type="stmt" count="0"/>
        <line num="39" type="method" name="setConstants" visibility="protected" complexity="1" crap="2" count="0"/>
        <line num="40" type="stmt" count="0"/>
        <line num="41" type="stmt" count="0"/>
        <line num="42" type="stmt" count="0"/>
        <line num="43" type="stmt" count="0"/>
        <line num="44" type="stmt" count="0"/>
        <line num="45" type="stmt" count="0"/>
        <line num="46" type="stmt" count="0"/>
        <line num="52" type="method" name="setThemeConstants" visibility="protected" complexity="1" crap="2" count="0"/>
        <line num="53" type="stmt" count="0"/>
        <line num="54" type="stmt" count="0"/>
        <line num="55" type="stmt" count="0"/>
        <line num="56" type="stmt" count="0"/>
        <line num="57" type="stmt" count="0"/>
        <line num="58" type="stmt" count="0"/>
        <line num="64" type="method" name="executeCommand" visibility="protected" complexity="12" crap="156" count="0"/>
        <line num="65" type="stmt" count="0"/>
        <line num="66" type="stmt" count="0"/>
        <line num="67" type="stmt" count="0"/>
        <line num="68" type="stmt" count="0"/>
        <line num="69" type="stmt" count="0"/>
        <line num="70" type="stmt" count="0"/>
        <line num="71" type="stmt" count="0"/>
        <line num="72" type="stmt" count="0"/>
        <line num="73" type="stmt" count="0"/>
        <line num="74" type="stmt" count="0"/>
        <line num="75" type="stmt" count="0"/>
        <line num="76" type="stmt" count="0"/>
        <line num="77" type="stmt" count="0"/>
        <line num="78" type="stmt" count="0"/>
        <line num="79" type="stmt" count="0"/>
        <line num="80" type="stmt" count="0"/>
        <line num="86" type="method" name="help" visibility="protected" complexity="1" crap="2" count="0"/>
        <line num="87" type="stmt" count="0"/>
        <line num="88" type="stmt" count="0"/>
        <line num="89" type="stmt" count="0"/>
        <line num="95" type="method" name="makeTheme" visibility="protected" complexity="3" crap="12" count="0"/>
        <line num="96" type="stmt" count="0"/>
        <line num="97" type="stmt" count="0"/>
        <line num="98" type="stmt" count="0"/>
        <line num="99" type="stmt" count="0"/>
        <line num="100" type="stmt" count="0"/>
        <line num="101" type="stmt" count="0"/>
        <line num="102" type="stmt" count="0"/>
        <line num="103" type="stmt" count="0"/>
        <line num="104" type="stmt" count="0"/>
        <line num="105" type="stmt" count="0"/>
        <line num="106" type="stmt" count="0"/>
        <line num="107" type="stmt" count="0"/>
        <line num="108" type="stmt" count="0"/>
        <line num="109" type="stmt" count="0"/>
        <line num="110" type="stmt" count="0"/>
        <line num="111" type="stmt" count="0"/>
        <line num="112" type="stmt" count="0"/>
        <line num="113" type="stmt" count="0"/>
        <line num="114" type="stmt" count="0"/>
        <line num="115" type="stmt" count="0"/>
        <line num="116" type="stmt" count="0"/>
        <line num="117" type="stmt" count="0"/>
        <line num="118" type="stmt" count="0"/>
        <line num="119" type="stmt" count="0"/>
        <line num="120" type="stmt" count="0"/>
        <line num="121" type="stmt" count="0"/>
        <line num="129" type="method" name="makeThemeContentFile" visibility="protected" complexity="2" crap="6" count="0"/>
        <line num="130" type="stmt" count="0"/>
        <line num="131" type="stmt" count="0"/>
        <line num="132" type="stmt" count="0"/>
        <line num="133" type="stmt" count="0"/>
        <line num="134" type="stmt" count="0"/>
        <line num="135" type="stmt" count="0"/>
        <line num="136" type="stmt" count="0"/>
        <line num="137" type="stmt" count="0"/>
        <line num="138" type="stmt" count="0"/>
        <line num="144" type="method" name="makeModel" visibility="protected" complexity="5" crap="30" count="0"/>
        <line num="145" type="stmt" count="0"/>
        <line num="147" type="stmt" count="0"/>
        <line num="148" type="stmt" count="0"/>
        <line num="149" type="stmt" count="0"/>
        <line num="150" type="stmt" count="0"/>
        <line num="151" type="stmt" count="0"/>
        <line num="152" type="stmt" count="0"/>
        <line num="153" type="stmt" count="0"/>
        <line num="154" type="stmt" count="0"/>
        <line num="155" type="stmt" count="0"/>
        <line num="156" type="stmt" count="0"/>
        <line num="164" type="method" name="makeModelFile" visibility="protected" complexity="1" crap="2" count="0"/>
        <line num="165" type="stmt" count="0"/>
        <line num="166" type="stmt" count="0"/>
        <line num="167" type="stmt" count="0"/>
        <line num="168" type="stmt" count="0"/>
        <line num="169" type="stmt" count="0"/>
        <line num="170" type="stmt" count="0"/>
        <line num="171" type="stmt" count="0"/>
        <line num="172" type="stmt" count="0"/>
        <line num="173" type="stmt" count="0"/>
        <line num="181" type="method" name="makeControllerFile" visibility="protected" complexity="1" crap="2" count="0"/>
        <line num="182" type="stmt" count="0"/>
        <line num="183" type="stmt" count="0"/>
        <line num="184" type="stmt" count="0"/>
        <line num="185" type="stmt" count="0"/>
        <line num="186" type="stmt" count="0"/>
        <line num="187" type="stmt" count="0"/>
        <line num="188" type="stmt" count="0"/>
        <line num="189" type="stmt" count="0"/>
        <line num="190" type="stmt" count="0"/>
        <line num="198" type="method" name="makeViewFile" visibility="protected" complexity="1" crap="2" count="0"/>
        <line num="199" type="stmt" count="0"/>
        <line num="200" type="stmt" count="0"/>
        <line num="201" type="stmt" count="0"/>
        <line num="202" type="stmt" count="0"/>
        <line num="210" type="method" name="makeStructureFile" visibility="protected" complexity="2" crap="6" count="0"/>
        <line num="211" type="stmt" count="0"/>
        <line num="212" type="stmt" count="0"/>
        <line num="213" type="stmt" count="0"/>
        <line num="214" type="stmt" count="0"/>
        <line num="215" type="stmt" count="0"/>
        <line num="216" type="stmt" count="0"/>
        <line num="217" type="stmt" count="0"/>
        <line num="218" type="stmt" count="0"/>
        <line num="219" type="stmt" count="0"/>
        <line num="220" type="stmt" count="0"/>
        <line num="221" type="stmt" count="0"/>
        <line num="229" type="method" name="makeContent" visibility="protected" complexity="3" crap="12" count="0"/>
        <line num="230" type="stmt" count="0"/>
        <line num="231" type="stmt" count="0"/>
        <line num="232" type="stmt" count="0"/>
        <line num="233" type="stmt" count="0"/>
        <line num="234" type="stmt" count="0"/>
        <line num="235" type="stmt" count="0"/>
        <line num="236" type="stmt" count="0"/>
        <line num="237" type="stmt" count="0"/>
        <line num="238" type="stmt" count="0"/>
        <line num="239" type="stmt" count="0"/>
        <line num="249" type="method" name="generateContentFile" visibility="protected" complexity="4" crap="20" count="0"/>
        <line num="250" type="stmt" count="0"/>
        <line num="251" type="stmt" count="0"/>
        <line num="252" type="stmt" count="0"/>
        <line num="253" type="stmt" count="0"/>
        <line num="254" type="stmt" count="0"/>
        <line num="255" type="stmt" count="0"/>
        <line num="256" type="stmt" count="0"/>
        <line num="257" type="stmt" count="0"/>
        <line num="258" type="stmt" count="0"/>
        <line num="259" type="stmt" count="0"/>
        <line num="260" type="stmt" count="0"/>
        <line num="261" type="stmt" count="0"/>
        <line num="262" type="stmt" count="0"/>
        <line num="263" type="stmt" count="0"/>
        <line num="264" type="stmt" count="0"/>
        <line num="265" type="stmt" count="0"/>
        <line num="266" type="stmt" count="0"/>
        <line num="269" type="method" name="generateObjectFile" visibility="protected" complexity="1" crap="2" count="0"/>
        <line num="270" type="stmt" count="0"/>
        <line num="271" type="stmt" count="0"/>
        <line num="272" type="stmt" count="0"/>
        <line num="273" type="stmt" count="0"/>
        <line num="274" type="stmt" count="0"/>
        <line num="275" type="stmt" count="0"/>
        <line num="276" type="stmt" count="0"/>
        <line num="283" type="method" name="checkLangs" visibility="protected" complexity="4" crap="20" count="0"/>
        <line num="284" type="stmt" count="0"/>
        <line num="286" type="stmt" count="0"/>
        <line num="287" type="stmt" count="0"/>
        <line num="288" type="stmt" count="0"/>
        <line num="289" type="stmt" count="0"/>
        <line num="290" type="stmt" count="0"/>
        <line num="291" type="stmt" count="0"/>
        <line num="299" type="method" name="fetchFields" visibility="protected" complexity="5" crap="30" count="0"/>
        <line num="300" type="stmt" count="0"/>
        <line num="301" type="stmt" count="0"/>
        <line num="302" type="stmt" count="0"/>
        <line num="303" type="stmt" count="0"/>
        <line num="304" type="stmt" count="0"/>
        <line num="305" type="stmt" count="0"/>
        <line num="306" type="stmt" count="0"/>
        <line num="307" type="stmt" count="0"/>
        <line num="308" type="stmt" count="0"/>
        <line num="309" type="stmt" count="0"/>
        <line num="310" type="stmt" count="0"/>
        <line num="311" type="stmt" count="0"/>
        <line num="319" type="method" name="formatFieldContent" visibility="protected" complexity="7" crap="56" count="0"/>
        <line num="320" type="stmt" count="0"/>
        <line num="321" type="stmt" count="0"/>
        <line num="322" type="stmt" count="0"/>
        <line num="323" type="stmt" count="0"/>
        <line num="324" type="stmt" count="0"/>
        <line num="325" type="stmt" count="0"/>
        <line num="326" type="stmt" count="0"/>
        <line num="327" type="stmt" count="0"/>
        <line num="328" type="stmt" count="0"/>
        <line num="329" type="stmt" count="0"/>
        <line num="330" type="stmt" count="0"/>
        <line num="332" type="method" name="getImageFieldContent" visibility="protected" complexity="5" crap="30" count="0"/>
        <line num="333" type="stmt" count="0"/>
        <line num="334" type="stmt" count="0"/>
        <line num="335" type="stmt" count="0"/>
        <line num="336" type="stmt" count="0"/>
        <line num="337" type="stmt" count="0"/>
        <line num="338" type="stmt" count="0"/>
        <line num="339" type="stmt" count="0"/>
        <line num="340" type="stmt" count="0"/>
        <line num="341" type="stmt" count="0"/>
        <line num="342" type="stmt" count="0"/>
        <line num="343" type="stmt" count="0"/>
        <line num="344" type="stmt" count="0"/>
        <line num="346" type="method" name="getNumberFieldContent" visibility="protected" complexity="3" crap="12" count="0"/>
        <line num="347" type="stmt" count="0"/>
        <line num="348" type="stmt" count="0"/>
        <line num="349" type="stmt" count="0"/>
        <line num="350" type="stmt" count="0"/>
        <line num="351" type="stmt" count="0"/>
        <line num="353" type="method" name="getSelectableFieldContent" visibility="protected" complexity="3" crap="12" count="0"/>
        <line num="354" type="stmt" count="0"/>
        <line num="355" type="stmt" count="0"/>
        <line num="356" type="stmt" count="0"/>
        <line num="357" type="stmt" count="0"/>
        <line num="358" type="stmt" count="0"/>
        <line num="360" type="method" name="dir" visibility="protected" complexity="2" crap="6" count="0"/>
        <line num="361" type="stmt" count="0"/>
        <line num="362" type="stmt" count="0"/>
        <line num="363" type="stmt" count="0"/>
        <metrics loc="365" ncloc="277" classes="1" methods="22" coveredmethods="0" conditionals="0" coveredconditionals="0" statements="213" coveredstatements="0" elements="235" coveredelements="0"/>
      </file>
    </package>
    <package name="Theme\##THEME##\##TYPE##;&#10;">
      <file name="/Users/whitecube/Sites/Kabas/core/src/Kabas/Cmd/Templates/Controller.php">
        <class name="" namespace="Theme\##THEME##\##TYPE##;&#10;">
          <metrics complexity="1" methods="1" coveredmethods="0" conditionals="0" coveredconditionals="0" statements="2" coveredstatements="0" elements="3" coveredelements="0"/>
        </class>
        <line num="13" type="method" name="setup" visibility="protected" complexity="1" crap="2" count="0"/>
        <line num="14" type="stmt" count="0"/>
        <line num="16" type="stmt" count="0"/>
        <metrics loc="17" ncloc="7" classes="1" methods="1" coveredmethods="0" conditionals="0" coveredconditionals="0" statements="2" coveredstatements="0" elements="3" coveredelements="0"/>
      </file>
    </package>
    <file name="/Users/whitecube/Sites/Kabas/core/src/Kabas/Cmd/Templates/Help.php">
      <line num="2" type="stmt" count="0"/>
      <line num="4" type="stmt" count="0"/>
      <line num="5" type="stmt" count="0"/>
      <line num="6" type="stmt" count="0"/>
      <line num="7" type="stmt" count="0"/>
      <line num="8" type="stmt" count="0"/>
      <line num="11" type="stmt" count="0"/>
      <line num="13" type="stmt" count="0"/>
      <line num="15" type="stmt" count="0"/>
      <line num="16" type="stmt" count="0"/>
      <line num="17" type="stmt" count="0"/>
      <line num="18" type="stmt" count="0"/>
      <line num="19" type="stmt" count="0"/>
      <line num="20" type="stmt" count="0"/>
      <line num="21" type="stmt" count="0"/>
      <line num="22" type="stmt" count="0"/>
      <line num="23" type="stmt" count="0"/>
      <line num="24" type="stmt" count="0"/>
      <metrics loc="24" ncloc="24" classes="0" methods="0" coveredmethods="0" conditionals="0" coveredconditionals="0" statements="18" coveredstatements="0" elements="18" coveredelements="0"/>
    </file>
    <package name="Theme\##THEME##\Models;&#10;">
      <file name="/Users/whitecube/Sites/Kabas/core/src/Kabas/Cmd/Templates/Model.php">
        <class name="" namespace="Theme\##THEME##\Models;&#10;">
          <metrics complexity="0" methods="0" coveredmethods="0" conditionals="0" coveredconditionals="0" statements="0" coveredstatements="0" elements="0" coveredelements="0"/>
        </class>
        <metrics loc="11" ncloc="7" classes="0" methods="0" coveredmethods="0" conditionals="0" coveredconditionals="0" statements="0" coveredstatements="0" elements="0" coveredelements="0"/>
      </file>
    </package>
    <package name="Kabas\Config">
      <file name="/Users/whitecube/Sites/Kabas/core/src/Kabas/Config/Container.php">
        <class name="Container" namespace="Kabas\Config">
          <metrics complexity="4" methods="3" coveredmethods="3" conditionals="0" coveredconditionals="0" statements="13" coveredstatements="13" elements="16" coveredelements="16"/>
        </class>
        <line num="11" type="method" name="__construct" visibility="public" complexity="1" crap="1" count="36"/>
        <line num="13" type="stmt" count="36"/>
        <line num="14" type="stmt" count="36"/>
        <line num="15" type="stmt" count="36"/>
        <line num="16" type="stmt" count="36"/>
        <line num="17" type="stmt" count="36"/>
        <line num="19" type="method" name="__call" visibility="public" complexity="2" crap="2" count="13"/>
        <line num="21" type="stmt" count="13"/>
        <line num="22" type="stmt" count="1"/>
        <line num="23" type="stmt" count="1"/>
        <line num="25" type="stmt" count="12"/>
        <line num="32" type="method" name="setDriver" visibility="protected" complexity="1" crap="1" count="36"/>
        <line num="34" type="stmt" count="36"/>
        <line num="35" type="stmt" count="36"/>
        <line num="36" type="stmt" count="36"/>
        <line num="37" type="stmt" count="36"/>
        <metrics loc="38" ncloc="34" classes="1" methods="3" coveredmethods="3" conditionals="0" coveredconditionals="0" statements="13" coveredstatements="13" elements="16" coveredelements="16"/>
      </file>
      <file name="/Users/whitecube/Sites/Kabas/core/src/Kabas/Config/Language.php">
        <class name="Language" namespace="Kabas\Config">
          <metrics complexity="11" methods="6" coveredmethods="6" conditionals="0" coveredconditionals="0" statements="22" coveredstatements="22" elements="28" coveredelements="28"/>
        </class>
        <line num="20" type="method" name="__construct" visibility="public" complexity="2" crap="2" count="49"/>
        <line num="22" type="stmt" count="49"/>
        <line num="23" type="stmt" count="49"/>
        <line num="24" type="stmt" count="49"/>
        <line num="25" type="stmt" count="48"/>
        <line num="26" type="stmt" count="48"/>
        <line num="27" type="stmt" count="48"/>
        <line num="28" type="stmt" count="48"/>
        <line num="29" type="stmt" count="48"/>
        <line num="30" type="stmt" count="48"/>
        <line num="36" type="method" name="activate" visibility="public" complexity="1" crap="1" count="19"/>
        <line num="38" type="stmt" count="19"/>
        <line num="39" type="stmt" count="19"/>
        <line num="40" type="stmt" count="19"/>
        <line num="47" type="method" name="parseLocale" visibility="protected" complexity="2" crap="2" count="49"/>
        <line num="50" type="stmt" count="49"/>
        <line num="51" type="stmt" count="1"/>
        <line num="52" type="stmt" count="1"/>
        <line num="54" type="stmt" count="48"/>
        <line num="61" type="method" name="extractSlug" visibility="protected" complexity="1" crap="1" count="1"/>
        <line num="63" type="stmt" count="1"/>
        <line num="64" type="stmt" count="1"/>
        <line num="76" type="method" name="extractLabel" visibility="protected" complexity="1" crap="1" count="1"/>
        <line num="78" type="stmt" count="1"/>
        <line num="79" type="stmt" count="1"/>
        <line num="92" type="method" name="extractNative" visibility="protected" complexity="1" crap="1" count="48"/>
        <line num="94" type="stmt" count="48"/>
        <line num="95" type="stmt" count="48"/>
        <metrics loc="117" ncloc="90" classes="1" methods="6" coveredmethods="6" conditionals="0" coveredconditionals="0" statements="22" coveredstatements="22" elements="28" coveredelements="28"/>
      </file>
      <file name="/Users/whitecube/Sites/Kabas/core/src/Kabas/Config/LanguageRepository.php">
        <class name="LanguageRepository" namespace="Kabas\Config">
          <metrics complexity="29" methods="9" coveredmethods="9" conditionals="0" coveredconditionals="0" statements="35" coveredstatements="35" elements="44" coveredelements="44"/>
        </class>
        <line num="12" type="method" name="__construct" visibility="public" complexity="4" crap="4" count="44"/>
        <line num="14" type="stmt" count="44"/>
        <line num="15" type="stmt" count="44"/>
        <line num="16" type="stmt" count="44"/>
        <line num="17" type="stmt" count="44"/>
        <line num="18" type="stmt" count="44"/>
        <line num="20" type="stmt" count="44"/>
        <line num="28" type="method" name="register" visibility="public" complexity="3" crap="3" count="44"/>
        <line num="30" type="stmt" count="44"/>
        <line num="31" type="stmt" count="44"/>
        <line num="32" type="stmt" count="44"/>
        <line num="33" type="stmt" count="44"/>
        <line num="34" type="stmt" count="44"/>
        <line num="35" type="stmt" count="44"/>
        <line num="43" type="method" name="has" visibility="public" complexity="2" crap="2" count="35"/>
        <line num="45" type="stmt" count="35"/>
        <line num="46" type="stmt" count="17"/>
        <line num="53" type="method" name="getAll" visibility="public" complexity="1" crap="1" count="16"/>
        <line num="55" type="stmt" count="16"/>
        <line num="62" type="method" name="getCurrent" visibility="public" complexity="3" crap="3" count="32"/>
        <line num="64" type="stmt" count="32"/>
        <line num="65" type="stmt" count="32"/>
        <line num="67" type="stmt" count="16"/>
        <line num="73" type="method" name="getDefault" visibility="public" complexity="3" crap="3" count="18"/>
        <line num="75" type="stmt" count="18"/>
        <line num="76" type="stmt" count="18"/>
        <line num="78" type="stmt" count="1"/>
        <line num="85" type="method" name="find" visibility="public" complexity="5" crap="5" count="44"/>
        <line num="87" type="stmt" count="44"/>
        <line num="88" type="stmt" count="40"/>
        <line num="89" type="stmt" count="39"/>
        <line num="90" type="stmt" count="39"/>
        <line num="92" type="stmt" count="44"/>
        <line num="99" type="method" name="getOrDefault" visibility="public" complexity="5" crap="5" count="34"/>
        <line num="101" type="stmt" count="34"/>
        <line num="102" type="stmt" count="34"/>
        <line num="103" type="stmt" count="34"/>
        <line num="104" type="stmt" count="16"/>
        <line num="111" type="method" name="set" visibility="public" complexity="3" crap="3" count="18"/>
        <line num="113" type="stmt" count="18"/>
        <line num="114" type="stmt" count="18"/>
        <line num="116" type="stmt" count="18"/>
        <line num="117" type="stmt" count="18"/>
        <line num="118" type="stmt" count="18"/>
        <metrics loc="120" ncloc="83" classes="1" methods="9" coveredmethods="9" conditionals="0" coveredconditionals="0" statements="35" coveredstatements="35" elements="44" coveredelements="44"/>
      </file>
      <file name="/Users/whitecube/Sites/Kabas/core/src/Kabas/Config/Settings.php">
        <class name="Settings" namespace="Kabas\Config">
          <metrics complexity="22" methods="10" coveredmethods="10" conditionals="0" coveredconditionals="0" statements="40" coveredstatements="40" elements="50" coveredelements="50"/>
        </class>
        <line num="11" type="method" name="__construct" visibility="public" complexity="1" crap="1" count="41"/>
        <line num="13" type="stmt" count="41"/>
        <line num="14" type="stmt" count="41"/>
        <line num="15" type="stmt" count="41"/>
        <line num="23" type="method" name="set" visibility="public" complexity="1" crap="1" count="41"/>
        <line num="25" type="stmt" count="41"/>
        <line num="26" type="stmt" count="41"/>
        <line num="34" type="method" name="get" visibility="public" complexity="1" crap="1" count="41"/>
        <line num="36" type="stmt" count="41"/>
        <line num="37" type="stmt" count="41"/>
        <line num="45" type="method" name="remove" visibility="public" complexity="1" crap="1" count="38"/>
        <line num="47" type="stmt" count="38"/>
        <line num="48" type="stmt" count="38"/>
        <line num="49" type="stmt" count="38"/>
        <line num="56" type="method" name="pluck" visibility="public" complexity="1" crap="1" count="37"/>
        <line num="58" type="stmt" count="37"/>
        <line num="59" type="stmt" count="37"/>
        <line num="60" type="stmt" count="37"/>
        <line num="67" type="method" name="registerConfigurationDirectory" visibility="protected" complexity="4" crap="4" count="41"/>
        <line num="69" type="stmt" count="41"/>
        <line num="70" type="stmt" count="41"/>
        <line num="71" type="stmt" count="41"/>
        <line num="72" type="stmt" count="41"/>
        <line num="73" type="stmt" count="41"/>
        <line num="74" type="stmt" count="41"/>
        <line num="77" type="stmt" count="41"/>
        <line num="83" type="method" name="registerConfigurationConstants" visibility="protected" complexity="3" crap="3" count="41"/>
        <line num="85" type="stmt" count="41"/>
        <line num="86" type="stmt" count="41"/>
        <line num="87" type="stmt" count="41"/>
        <line num="96" type="method" name="registerInTree" visibility="protected" complexity="4" crap="4" count="41"/>
        <line num="98" type="stmt" count="41"/>
        <line num="99" type="stmt" count="41"/>
        <line num="100" type="stmt" count="41"/>
        <line num="101" type="stmt" count="41"/>
        <line num="102" type="stmt" count="1"/>
        <line num="103" type="stmt" count="41"/>
        <line num="105" type="stmt" count="1"/>
        <line num="114" type="method" name="findInTree" visibility="protected" complexity="3" crap="3" count="41"/>
        <line num="116" type="stmt" count="41"/>
        <line num="117" type="stmt" count="41"/>
        <line num="118" type="stmt" count="41"/>
        <line num="119" type="stmt" count="41"/>
        <line num="128" type="method" name="removeInTree" visibility="protected" complexity="3" crap="3" count="38"/>
        <line num="130" type="stmt" count="38"/>
        <line num="131" type="stmt" count="38"/>
        <line num="132" type="stmt" count="38"/>
        <line num="133" type="stmt" count="38"/>
        <line num="134" type="stmt" count="38"/>
        <line num="136" type="stmt" count="38"/>
        <metrics loc="139" ncloc="91" classes="1" methods="10" coveredmethods="10" conditionals="0" coveredconditionals="0" statements="40" coveredstatements="40" elements="50" coveredelements="50"/>
      </file>
    </package>
    <package name="Kabas\Content">
      <file name="/Users/whitecube/Sites/Kabas/core/src/Kabas/Content/BaseContainer.php">
        <class name="BaseContainer" namespace="Kabas\Content">
          <metrics complexity="12" methods="7" coveredmethods="6" conditionals="0" coveredconditionals="0" statements="17" coveredstatements="16" elements="24" coveredelements="22"/>
        </class>
        <line num="18" type="method" name="__construct" visibility="public" complexity="1" crap="1" count="15"/>
        <line num="21" type="stmt" count="15"/>
        <line num="22" type="stmt" count="15"/>
        <line num="23" type="stmt" count="15"/>
        <line num="30" type="method" name="has" visibility="public" complexity="2" crap="2" count="12"/>
        <line num="32" type="stmt" count="12"/>
        <line num="33" type="stmt" count="12"/>
        <line num="42" type="method" name="get" visibility="public" complexity="2" crap="2" count="12"/>
        <line num="44" type="stmt" count="12"/>
        <line num="45" type="stmt" count="12"/>
        <line num="52" type="method" name="parse" visibility="public" complexity="2" crap="2" count="12"/>
        <line num="54" type="stmt" count="12"/>
        <line num="55" type="stmt" count="12"/>
        <line num="57" type="stmt" count="12"/>
        <line num="64" type="method" name="getPath" visibility="protected" complexity="1" crap="1" count="15"/>
        <line num="66" type="stmt" count="15"/>
        <line num="67" type="stmt" count="15"/>
        <line num="75" type="method" name="loop" visibility="protected" complexity="3" crap="3" count="15"/>
        <line num="77" type="stmt" count="15"/>
        <line num="78" type="stmt" count="15"/>
        <line num="79" type="stmt" count="15"/>
        <line num="81" type="stmt" count="15"/>
        <line num="88" type="method" name="makeItem" visibility="protected" complexity="1" crap="2" count="0"/>
        <line num="90" type="stmt" count="0"/>
        <metrics loc="92" ncloc="56" classes="1" methods="7" coveredmethods="6" conditionals="0" coveredconditionals="0" statements="17" coveredstatements="16" elements="24" coveredelements="22"/>
      </file>
      <file name="/Users/whitecube/Sites/Kabas/core/src/Kabas/Content/BaseItem.php">
        <class name="BaseItem" namespace="Kabas\Content">
          <metrics complexity="37" methods="15" coveredmethods="10" conditionals="0" coveredconditionals="0" statements="60" coveredstatements="51" elements="75" coveredelements="61"/>
        </class>
        <line num="29" type="method" name="__construct" visibility="public" complexity="4" crap="4" count="15"/>
        <line num="31" type="stmt" count="15"/>
        <line num="32" type="stmt" count="15"/>
        <line num="33" type="stmt" count="15"/>
        <line num="34" type="stmt" count="15"/>
        <line num="35" type="stmt" count="15"/>
        <line num="36" type="stmt" count="15"/>
        <line num="37" type="stmt" count="15"/>
        <line num="39" type="method" name="__set" visibility="public" complexity="4" crap="4.59" count="15"/>
        <line num="41" type="stmt" count="15"/>
        <line num="42" type="stmt" count="0"/>
        <line num="43" type="stmt" count="0"/>
        <line num="46" type="stmt" count="15"/>
        <line num="47" type="stmt" count="15"/>
        <line num="49" type="stmt" count="15"/>
        <line num="51" type="method" name="__get" visibility="public" complexity="3" crap="12" count="0"/>
        <line num="53" type="stmt" count="0"/>
        <line num="54" type="stmt" count="0"/>
        <line num="55" type="stmt" count="0"/>
        <line num="58" type="method" name="__call" visibility="public" complexity="2" crap="2.15" count="11"/>
        <line num="60" type="stmt" count="11"/>
        <line num="61" type="stmt" count="11"/>
        <line num="63" type="stmt" count="0"/>
        <line num="66" type="method" name="set" visibility="public" complexity="4" crap="4" count="15"/>
        <line num="68" type="stmt" count="15"/>
        <line num="69" type="stmt" count="15"/>
        <line num="70" type="stmt" count="15"/>
        <line num="73" type="stmt" count="15"/>
        <line num="75" type="method" name="make" visibility="public" complexity="2" crap="2" count="11"/>
        <line num="77" type="stmt" count="11"/>
        <line num="78" type="stmt" count="11"/>
        <line num="79" type="stmt" count="11"/>
        <line num="81" type="method" name="parse" visibility="public" complexity="3" crap="3" count="12"/>
        <line num="83" type="stmt" count="12"/>
        <line num="84" type="stmt" count="12"/>
        <line num="85" type="stmt" count="12"/>
        <line num="88" type="stmt" count="12"/>
        <line num="90" type="method" name="setData" visibility="protected" complexity="1" crap="1" count="11"/>
        <line num="92" type="stmt" count="11"/>
        <line num="95" type="method" name="loadFields" visibility="protected" complexity="2" crap="2" count="15"/>
        <line num="97" type="stmt" count="15"/>
        <line num="98" type="stmt" count="15"/>
        <line num="99" type="stmt" count="15"/>
        <line num="100" type="stmt" count="15"/>
        <line num="101" type="stmt" count="15"/>
        <line num="102" type="stmt" count="15"/>
        <line num="105" type="method" name="getFieldObject" visibility="protected" complexity="2" crap="2.50" count="15"/>
        <line num="107" type="stmt" count="15"/>
        <line num="108" type="stmt" count="0"/>
        <line num="111" type="method" name="getItemFields" visibility="protected" complexity="3" crap="3" count="15"/>
        <line num="113" type="stmt" count="15"/>
        <line num="114" type="stmt" count="15"/>
        <line num="115" type="stmt" count="15"/>
        <line num="116" type="stmt" count="15"/>
        <line num="117" type="stmt" count="15"/>
        <line num="118" type="stmt" count="15"/>
        <line num="120" type="stmt" count="15"/>
        <line num="122" type="stmt" count="15"/>
        <line num="125" type="method" name="loadStructure" visibility="protected" complexity="3" crap="3.58" count="15"/>
        <line num="127" type="stmt" count="15"/>
        <line num="129" type="stmt" count="15"/>
        <line num="130" type="stmt" count="0"/>
        <line num="131" type="stmt" count="0"/>
        <line num="133" type="stmt" count="15"/>
        <line num="135" type="method" name="getStructureFile" visibility="protected" complexity="1" crap="1" count="15"/>
        <line num="137" type="stmt" count="15"/>
        <line num="138" type="stmt" count="15"/>
        <line num="139" type="stmt" count="15"/>
        <line num="140" type="stmt" count="15"/>
        <line num="143" type="method" name="findControllerClass" visibility="protected" complexity="2" crap="2" count="15"/>
        <line num="145" type="stmt" count="15"/>
        <line num="146" type="stmt" count="15"/>
        <line num="147" type="stmt" count="15"/>
        <line num="150" type="method" name="getTemplateNamespace" visibility="protected" complexity="1" crap="1" count="15"/>
        <line num="152" type="stmt" count="15"/>
        <metrics loc="154" ncloc="154" classes="1" methods="15" coveredmethods="10" conditionals="0" coveredconditionals="0" statements="60" coveredstatements="51" elements="75" coveredelements="61"/>
      </file>
      <file name="/Users/whitecube/Sites/Kabas/core/src/Kabas/Content/Container.php">
        <class name="Container" namespace="Kabas\Content">
          <metrics complexity="5" methods="4" coveredmethods="4" conditionals="0" coveredconditionals="0" statements="11" coveredstatements="11" elements="15" coveredelements="15"/>
        </class>
        <line num="13" type="method" name="__construct" visibility="public" complexity="1" crap="1" count="15"/>
        <line num="15" type="stmt" count="15"/>
        <line num="16" type="stmt" count="15"/>
        <line num="17" type="stmt" count="15"/>
        <line num="18" type="stmt" count="15"/>
        <line num="20" type="method" name="parse" visibility="public" complexity="2" crap="2" count="12"/>
        <line num="22" type="stmt" count="12"/>
        <line num="23" type="stmt" count="12"/>
        <line num="24" type="stmt" count="12"/>
        <line num="26" type="stmt" count="12"/>
        <line num="28" type="method" name="isParsed" visibility="public" complexity="1" crap="1" count="30"/>
        <line num="30" type="stmt" count="30"/>
        <line num="33" type="method" name="setParsed" visibility="public" complexity="1" crap="1" count="12"/>
        <line num="35" type="stmt" count="12"/>
        <line num="36" type="stmt" count="12"/>
        <metrics loc="37" ncloc="37" classes="1" methods="4" coveredmethods="4" conditionals="0" coveredconditionals="0" statements="11" coveredstatements="11" elements="15" coveredelements="15"/>
      </file>
    </package>
    <package name="Kabas\Content\Menus">
      <file name="/Users/whitecube/Sites/Kabas/core/src/Kabas/Content/Menus/Container.php">
        <class name="Container" namespace="Kabas\Content\Menus">
          <metrics complexity="2" methods="2" coveredmethods="2" conditionals="0" coveredconditionals="0" statements="2" coveredstatements="2" elements="4" coveredelements="4"/>
        </class>
        <line num="10" type="method" name="getPath" visibility="protected" complexity="1" crap="1" count="15"/>
        <line num="12" type="stmt" count="15"/>
        <line num="15" type="method" name="makeItem" visibility="protected" complexity="1" crap="1" count="15"/>
        <line num="17" type="stmt" count="15"/>
        <metrics loc="19" ncloc="19" classes="1" methods="2" coveredmethods="2" conditionals="0" coveredconditionals="0" statements="2" coveredstatements="2" elements="4" coveredelements="4"/>
      </file>
      <file name="/Users/whitecube/Sites/Kabas/core/src/Kabas/Content/Menus/Item.php">
        <class name="Item" namespace="Kabas\Content\Menus">
          <metrics complexity="5" methods="4" coveredmethods="4" conditionals="0" coveredconditionals="0" statements="8" coveredstatements="8" elements="12" coveredelements="12"/>
        </class>
        <line num="15" type="method" name="parse" visibility="public" complexity="1" crap="1" count="12"/>
        <line num="17" type="stmt" count="12"/>
        <line num="18" type="stmt" count="12"/>
        <line num="19" type="stmt" count="12"/>
        <line num="21" type="method" name="setData" visibility="protected" complexity="1" crap="1" count="15"/>
        <line num="23" type="stmt" count="15"/>
        <line num="24" type="stmt" count="15"/>
        <line num="26" type="method" name="getTemplateNamespace" visibility="protected" complexity="1" crap="1" count="15"/>
        <line num="28" type="stmt" count="15"/>
        <line num="31" type="method" name="findControllerClass" visibility="protected" complexity="2" crap="2" count="15"/>
        <line num="33" type="stmt" count="15"/>
        <line num="34" type="stmt" count="15"/>
        <metrics loc="36" ncloc="36" classes="1" methods="4" coveredmethods="4" conditionals="0" coveredconditionals="0" statements="8" coveredstatements="8" elements="12" coveredelements="12"/>
      </file>
      <file name="/Users/whitecube/Sites/Kabas/core/src/Kabas/Content/Menus/Link.php">
        <class name="Link" namespace="Kabas\Content\Menus">
          <metrics complexity="9" methods="4" coveredmethods="3" conditionals="0" coveredconditionals="0" statements="17" coveredstatements="16" elements="21" coveredelements="19"/>
        </class>
        <line num="17" type="method" name="__construct" visibility="public" complexity="3" crap="3.03" count="15"/>
        <line num="19" type="stmt" count="15"/>
        <line num="20" type="stmt" count="15"/>
        <line num="21" type="stmt" count="15"/>
        <line num="22" type="stmt" count="15"/>
        <line num="23" type="stmt" count="15"/>
        <line num="24" type="stmt" count="0"/>
        <line num="26" type="stmt" count="15"/>
        <line num="28" type="method" name="parse" visibility="public" complexity="2" crap="2" count="12"/>
        <line num="30" type="stmt" count="12"/>
        <line num="31" type="stmt" count="12"/>
        <line num="32" type="stmt" count="12"/>
        <line num="34" type="method" name="loadFields" visibility="protected" complexity="2" crap="2" count="15"/>
        <line num="36" type="stmt" count="15"/>
        <line num="37" type="stmt" count="15"/>
        <line num="38" type="stmt" count="15"/>
        <line num="39" type="stmt" count="15"/>
        <line num="40" type="stmt" count="15"/>
        <line num="43" type="method" name="findControllerClass" visibility="protected" complexity="2" crap="2" count="15"/>
        <line num="45" type="stmt" count="15"/>
        <line num="46" type="stmt" count="15"/>
        <metrics loc="48" ncloc="48" classes="1" methods="4" coveredmethods="3" conditionals="0" coveredconditionals="0" statements="17" coveredstatements="16" elements="21" coveredelements="19"/>
      </file>
      <file name="/Users/whitecube/Sites/Kabas/core/src/Kabas/Content/Menus/LinkItem.php">
        <class name="LinkItem" namespace="Kabas\Content\Menus">
          <metrics complexity="9" methods="4" coveredmethods="0" conditionals="0" coveredconditionals="0" statements="24" coveredstatements="0" elements="28" coveredelements="0"/>
        </class>
        <line num="16" type="method" name="__construct" visibility="public" complexity="3" crap="12" count="0"/>
        <line num="17" type="stmt" count="0"/>
        <line num="18" type="stmt" count="0"/>
        <line num="19" type="stmt" count="0"/>
        <line num="20" type="stmt" count="0"/>
        <line num="21" type="stmt" count="0"/>
        <line num="22" type="stmt" count="0"/>
        <line num="23" type="stmt" count="0"/>
        <line num="24" type="stmt" count="0"/>
        <line num="25" type="stmt" count="0"/>
        <line num="27" type="method" name="parse" visibility="public" complexity="2" crap="6" count="0"/>
        <line num="28" type="stmt" count="0"/>
        <line num="29" type="stmt" count="0"/>
        <line num="30" type="stmt" count="0"/>
        <line num="31" type="stmt" count="0"/>
        <line num="33" type="method" name="loadFields" visibility="protected" complexity="2" crap="6" count="0"/>
        <line num="34" type="stmt" count="0"/>
        <line num="35" type="stmt" count="0"/>
        <line num="36" type="stmt" count="0"/>
        <line num="37" type="stmt" count="0"/>
        <line num="38" type="stmt" count="0"/>
        <line num="39" type="stmt" count="0"/>
        <line num="40" type="stmt" count="0"/>
        <line num="42" type="method" name="findControllerClass" visibility="protected" complexity="2" crap="6" count="0"/>
        <line num="43" type="stmt" count="0"/>
        <line num="44" type="stmt" count="0"/>
        <line num="45" type="stmt" count="0"/>
        <line num="46" type="stmt" count="0"/>
        <metrics loc="47" ncloc="47" classes="1" methods="4" coveredmethods="0" conditionals="0" coveredconditionals="0" statements="24" coveredstatements="0" elements="28" coveredelements="0"/>
      </file>
      <file name="/Users/whitecube/Sites/Kabas/core/src/Kabas/Content/Menus/Links.php">
        <class name="Links" namespace="Kabas\Content\Menus">
          <metrics complexity="14" methods="7" coveredmethods="5" conditionals="0" coveredconditionals="0" statements="19" coveredstatements="13" elements="26" coveredelements="18"/>
        </class>
        <line num="15" type="method" name="__construct" visibility="public" complexity="2" crap="2" count="15"/>
        <line num="17" type="stmt" count="15"/>
        <line num="18" type="stmt" count="15"/>
        <line num="19" type="stmt" count="15"/>
        <line num="21" type="method" name="make" visibility="public" complexity="3" crap="3" count="11"/>
        <line num="23" type="stmt" count="11"/>
        <line num="24" type="stmt" count="11"/>
        <line num="25" type="stmt" count="11"/>
        <line num="27" type="stmt" count="11"/>
        <line num="29" type="method" name="add" visibility="public" complexity="1" crap="1" count="15"/>
        <line num="31" type="stmt" count="15"/>
        <line num="32" type="stmt" count="15"/>
        <line num="34" type="method" name="remove" visibility="public" complexity="4" crap="20" count="0"/>
        <line num="36" type="stmt" count="0"/>
        <line num="37" type="stmt" count="0"/>
        <line num="38" type="stmt" count="0"/>
        <line num="39" type="stmt" count="0"/>
        <line num="41" type="stmt" count="0"/>
        <line num="43" type="method" name="makeItems" visibility="protected" complexity="2" crap="2" count="15"/>
        <line num="45" type="stmt" count="15"/>
        <line num="46" type="stmt" count="15"/>
        <line num="48" type="stmt" count="15"/>
        <line num="50" type="method" name="makeItem" visibility="protected" complexity="1" crap="1" count="15"/>
        <line num="52" type="stmt" count="15"/>
        <line num="59" type="method" name="getIterator" visibility="public" complexity="1" crap="2" count="0"/>
        <line num="61" type="stmt" count="0"/>
        <metrics loc="63" ncloc="59" classes="1" methods="7" coveredmethods="5" conditionals="0" coveredconditionals="0" statements="19" coveredstatements="13" elements="26" coveredelements="18"/>
      </file>
      <file name="/Users/whitecube/Sites/Kabas/core/src/Kabas/Content/Menus/LinksContainer.php">
        <class name="LinksContainer" namespace="Kabas\Content\Menus">
          <metrics complexity="14" methods="7" coveredmethods="0" conditionals="0" coveredconditionals="0" statements="31" coveredstatements="0" elements="38" coveredelements="0"/>
        </class>
        <line num="14" type="method" name="__construct" visibility="public" complexity="2" crap="6" count="0"/>
        <line num="15" type="stmt" count="0"/>
        <line num="16" type="stmt" count="0"/>
        <line num="17" type="stmt" count="0"/>
        <line num="18" type="stmt" count="0"/>
        <line num="20" type="method" name="make" visibility="public" complexity="3" crap="12" count="0"/>
        <line num="21" type="stmt" count="0"/>
        <line num="22" type="stmt" count="0"/>
        <line num="23" type="stmt" count="0"/>
        <line num="24" type="stmt" count="0"/>
        <line num="25" type="stmt" count="0"/>
        <line num="26" type="stmt" count="0"/>
        <line num="28" type="method" name="add" visibility="public" complexity="1" crap="2" count="0"/>
        <line num="29" type="stmt" count="0"/>
        <line num="30" type="stmt" count="0"/>
        <line num="31" type="stmt" count="0"/>
        <line num="33" type="method" name="remove" visibility="public" complexity="4" crap="20" count="0"/>
        <line num="34" type="stmt" count="0"/>
        <line num="35" type="stmt" count="0"/>
        <line num="36" type="stmt" count="0"/>
        <line num="37" type="stmt" count="0"/>
        <line num="38" type="stmt" count="0"/>
        <line num="39" type="stmt" count="0"/>
        <line num="40" type="stmt" count="0"/>
        <line num="42" type="method" name="makeItems" visibility="protected" complexity="2" crap="6" count="0"/>
        <line num="43" type="stmt" count="0"/>
        <line num="44" type="stmt" count="0"/>
        <line num="45" type="stmt" count="0"/>
        <line num="46" type="stmt" count="0"/>
        <line num="47" type="stmt" count="0"/>
        <line num="49" type="method" name="makeItem" visibility="protected" complexity="1" crap="2" count="0"/>
        <line num="50" type="stmt" count="0"/>
        <line num="51" type="stmt" count="0"/>
        <line num="52" type="stmt" count="0"/>
        <line num="58" type="method" name="getIterator" visibility="public" complexity="1" crap="2" count="0"/>
        <line num="59" type="stmt" count="0"/>
        <line num="60" type="stmt" count="0"/>
        <line num="61" type="stmt" count="0"/>
        <metrics loc="62" ncloc="58" classes="1" methods="7" coveredmethods="0" conditionals="0" coveredconditionals="0" statements="31" coveredstatements="0" elements="38" coveredelements="0"/>
      </file>
    </package>
    <package name="Kabas\Content\Pages">
      <file name="/Users/whitecube/Sites/Kabas/core/src/Kabas/Content/Pages/Container.php">
        <class name="Container" namespace="Kabas\Content\Pages">
          <metrics complexity="14" methods="8" coveredmethods="8" conditionals="0" coveredconditionals="0" statements="23" coveredstatements="23" elements="31" coveredelements="31"/>
        </class>
        <line num="19" type="method" name="__construct" visibility="public" complexity="2" crap="2" count="15"/>
        <line num="21" type="stmt" count="15"/>
        <line num="22" type="stmt" count="15"/>
        <line num="23" type="stmt" count="15"/>
        <line num="25" type="stmt" count="15"/>
        <line num="26" type="stmt" count="15"/>
        <line num="28" type="method" name="get" visibility="public" complexity="3" crap="3" count="12"/>
        <line num="30" type="stmt" count="12"/>
        <line num="31" type="stmt" count="12"/>
        <line num="32" type="stmt" count="12"/>
        <line num="33" type="stmt" count="12"/>
        <line num="36" type="method" name="getCurrent" visibility="public" complexity="1" crap="1" count="11"/>
        <line num="38" type="stmt" count="11"/>
        <line num="41" type="method" name="parse" visibility="public" complexity="3" crap="3" count="12"/>
        <line num="43" type="stmt" count="12"/>
        <line num="44" type="stmt" count="12"/>
        <line num="45" type="stmt" count="12"/>
        <line num="47" type="stmt" count="12"/>
        <line num="49" type="method" name="getPath" visibility="protected" complexity="1" crap="1" count="15"/>
        <line num="51" type="stmt" count="15"/>
        <line num="54" type="method" name="makeItem" visibility="protected" complexity="1" crap="1" count="15"/>
        <line num="56" type="stmt" count="15"/>
        <line num="57" type="stmt" count="15"/>
        <line num="58" type="stmt" count="15"/>
        <line num="61" type="method" name="getAggregate" visibility="protected" complexity="2" crap="2" count="15"/>
        <line num="63" type="stmt" count="15"/>
        <line num="64" type="stmt" count="15"/>
        <line num="67" type="method" name="setLanguage" visibility="protected" complexity="1" crap="1" count="15"/>
        <line num="69" type="stmt" count="15"/>
        <line num="70" type="stmt" count="15"/>
        <line num="71" type="stmt" count="15"/>
        <metrics loc="72" ncloc="68" classes="1" methods="8" coveredmethods="8" conditionals="0" coveredconditionals="0" statements="23" coveredstatements="23" elements="31" coveredelements="31"/>
      </file>
      <file name="/Users/whitecube/Sites/Kabas/core/src/Kabas/Content/Pages/Item.php">
        <class name="Item" namespace="Kabas\Content\Pages">
          <metrics complexity="7" methods="4" coveredmethods="4" conditionals="0" coveredconditionals="0" statements="8" coveredstatements="8" elements="12" coveredelements="12"/>
        </class>
        <line num="18" type="method" name="setData" visibility="protected" complexity="3" crap="3" count="15"/>
        <line num="20" type="stmt" count="15"/>
        <line num="21" type="stmt" count="15"/>
        <line num="22" type="stmt" count="15"/>
        <line num="23" type="stmt" count="15"/>
        <line num="25" type="method" name="getMeta" visibility="protected" complexity="1" crap="1" count="15"/>
        <line num="28" type="stmt" count="15"/>
        <line num="31" type="method" name="getTemplateNamespace" visibility="protected" complexity="1" crap="1" count="15"/>
        <line num="33" type="stmt" count="15"/>
        <line num="36" type="method" name="findControllerClass" visibility="protected" complexity="2" crap="2" count="15"/>
        <line num="38" type="stmt" count="15"/>
        <line num="39" type="stmt" count="15"/>
        <metrics loc="41" ncloc="39" classes="1" methods="4" coveredmethods="4" conditionals="0" coveredconditionals="0" statements="8" coveredstatements="8" elements="12" coveredelements="12"/>
      </file>
    </package>
    <package name="Kabas\Content\Partials">
      <file name="/Users/whitecube/Sites/Kabas/core/src/Kabas/Content/Partials/Container.php">
        <class name="Container" namespace="Kabas\Content\Partials">
          <metrics complexity="20" methods="11" coveredmethods="6" conditionals="0" coveredconditionals="0" statements="42" coveredstatements="17" elements="53" coveredelements="23"/>
        </class>
        <line num="12" type="method" name="__construct" visibility="public" complexity="1" crap="1" count="15"/>
        <line num="14" type="stmt" count="15"/>
        <line num="15" type="stmt" count="15"/>
        <line num="22" type="method" name="load" visibility="public" complexity="3" crap="3.71" count="11"/>
        <line num="24" type="stmt" count="11"/>
        <line num="26" type="stmt" count="11"/>
        <line num="28" type="stmt" count="0"/>
        <line num="29" type="stmt" count="0"/>
        <line num="30" type="stmt" count="0"/>
        <line num="32" type="stmt" count="11"/>
        <line num="33" type="stmt" count="11"/>
        <line num="40" type="method" name="getPath" visibility="protected" complexity="1" crap="1" count="15"/>
        <line num="42" type="stmt" count="15"/>
        <line num="50" type="method" name="getFile" visibility="protected" complexity="1" crap="1" count="11"/>
        <line num="52" type="stmt" count="11"/>
        <line num="55" type="method" name="makeItem" visibility="protected" complexity="1" crap="1" count="11"/>
        <line num="57" type="stmt" count="11"/>
        <line num="64" type="method" name="loadItem" visibility="protected" complexity="4" crap="9.83" count="11"/>
        <line num="66" type="stmt" count="11"/>
        <line num="67" type="stmt" count="11"/>
        <line num="70" type="stmt" count="0"/>
        <line num="71" type="stmt" count="0"/>
        <line num="74" type="stmt" count="0"/>
        <line num="75" type="stmt" count="0"/>
        <line num="77" type="stmt" count="0"/>
        <line num="80" type="method" name="loadFromContent" visibility="protected" complexity="1" crap="1" count="11"/>
        <line num="82" type="stmt" count="11"/>
        <line num="83" type="stmt" count="11"/>
        <line num="84" type="stmt" count="11"/>
        <line num="87" type="method" name="loadFromController" visibility="protected" complexity="4" crap="20" count="0"/>
        <line num="89" type="stmt" count="0"/>
        <line num="90" type="stmt" count="0"/>
        <line num="91" type="stmt" count="0"/>
        <line num="92" type="stmt" count="0"/>
        <line num="93" type="stmt" count="0"/>
        <line num="94" type="stmt" count="0"/>
        <line num="95" type="stmt" count="0"/>
        <line num="98" type="stmt" count="0"/>
        <line num="99" type="stmt" count="0"/>
        <line num="101" type="stmt" count="0"/>
        <line num="104" type="method" name="loadFromView" visibility="protected" complexity="1" crap="2" count="0"/>
        <line num="106" type="stmt" count="0"/>
        <line num="107" type="stmt" count="0"/>
        <line num="108" type="stmt" count="0"/>
        <line num="109" type="stmt" count="0"/>
        <line num="110" type="stmt" count="0"/>
        <line num="113" type="method" name="getController" visibility="protected" complexity="2" crap="2" count="11"/>
        <line num="115" type="stmt" count="11"/>
        <line num="116" type="stmt" count="11"/>
        <line num="117" type="stmt" count="11"/>
        <line num="119" type="method" name="getView" visibility="protected" complexity="1" crap="2" count="0"/>
        <line num="121" type="stmt" count="0"/>
        <line num="122" type="stmt" count="0"/>
        <metrics loc="124" ncloc="94" classes="1" methods="11" coveredmethods="6" conditionals="0" coveredconditionals="0" statements="42" coveredstatements="17" elements="53" coveredelements="23"/>
      </file>
      <file name="/Users/whitecube/Sites/Kabas/core/src/Kabas/Content/Partials/Item.php">
        <class name="Item" namespace="Kabas\Content\Partials">
          <metrics complexity="3" methods="2" coveredmethods="2" conditionals="0" coveredconditionals="0" statements="3" coveredstatements="3" elements="5" coveredelements="5"/>
        </class>
        <line num="12" type="method" name="getTemplateNamespace" visibility="protected" complexity="1" crap="1" count="11"/>
        <line num="14" type="stmt" count="11"/>
        <line num="17" type="method" name="findControllerClass" visibility="protected" complexity="2" crap="2" count="11"/>
        <line num="19" type="stmt" count="11"/>
        <line num="20" type="stmt" count="11"/>
        <metrics loc="22" ncloc="22" classes="1" methods="2" coveredmethods="2" conditionals="0" coveredconditionals="0" statements="3" coveredstatements="3" elements="5" coveredelements="5"/>
      </file>
    </package>
    <package name="Kabas\Controller">
      <file name="/Users/whitecube/Sites/Kabas/core/src/Kabas/Controller/BaseController.php">
        <class name="BaseController" namespace="Kabas\Controller">
          <metrics complexity="11" methods="8" coveredmethods="4" conditionals="0" coveredconditionals="0" statements="18" coveredstatements="13" elements="26" coveredelements="17"/>
        </class>
        <line num="15" type="method" name="__construct" visibility="public" complexity="2" crap="2" count="11"/>
        <line num="17" type="stmt" count="11"/>
        <line num="18" type="stmt" count="11"/>
        <line num="19" type="stmt" count="11"/>
        <line num="20" type="stmt" count="11"/>
        <line num="21" type="stmt" count="11"/>
        <line num="23" type="stmt" count="11"/>
        <line num="24" type="stmt" count="11"/>
        <line num="26" type="method" name="__get" visibility="public" complexity="1" crap="1" count="11"/>
        <line num="28" type="stmt" count="11"/>
        <line num="31" type="method" name="__set" visibility="public" complexity="1" crap="2" count="0"/>
        <line num="33" type="stmt" count="0"/>
        <line num="34" type="stmt" count="0"/>
        <line num="36" type="method" name="__call" visibility="public" complexity="2" crap="2.50" count="11"/>
        <line num="38" type="stmt" count="11"/>
        <line num="39" type="stmt" count="0"/>
        <line num="42" type="method" name="redirect" visibility="public" complexity="1" crap="2" count="0"/>
        <line num="44" type="stmt" count="0"/>
        <line num="47" type="method" name="view" visibility="public" complexity="1" crap="1" count="11"/>
        <line num="49" type="stmt" count="11"/>
        <line num="50" type="stmt" count="11"/>
        <line num="53" type="method" name="json" visibility="public" complexity="1" crap="2" count="0"/>
        <line num="55" type="stmt" count="0"/>
        <line num="62" type="method" name="getTemplateName" visibility="protected" complexity="2" crap="2" count="11"/>
        <line num="64" type="stmt" count="11"/>
        <line num="65" type="stmt" count="11"/>
        <metrics loc="68" ncloc="64" classes="1" methods="8" coveredmethods="4" conditionals="0" coveredconditionals="0" statements="18" coveredstatements="13" elements="26" coveredelements="17"/>
      </file>
      <file name="/Users/whitecube/Sites/Kabas/core/src/Kabas/Controller/MenuController.php">
        <class name="MenuController" namespace="Kabas\Controller">
          <metrics complexity="2" methods="1" coveredmethods="1" conditionals="0" coveredconditionals="0" statements="7" coveredstatements="7" elements="8" coveredelements="8"/>
        </class>
        <line num="12" type="method" name="__construct" visibility="public" complexity="2" crap="2" count="11"/>
        <line num="14" type="stmt" count="11"/>
        <line num="15" type="stmt" count="11"/>
        <line num="16" type="stmt" count="11"/>
        <line num="17" type="stmt" count="11"/>
        <line num="18" type="stmt" count="11"/>
        <line num="20" type="stmt" count="11"/>
        <line num="21" type="stmt" count="11"/>
        <metrics loc="22" ncloc="22" classes="1" methods="1" coveredmethods="1" conditionals="0" coveredconditionals="0" statements="7" coveredstatements="7" elements="8" coveredelements="8"/>
      </file>
      <file name="/Users/whitecube/Sites/Kabas/core/src/Kabas/Controller/MenuItem.php">
        <class name="MenuItem" namespace="Kabas\Controller">
          <metrics complexity="24" methods="11" coveredmethods="6" conditionals="0" coveredconditionals="0" statements="28" coveredstatements="16" elements="39" coveredelements="22"/>
        </class>
        <line num="13" type="method" name="__construct" visibility="public" complexity="1" crap="1" count="11"/>
        <line num="15" type="stmt" count="11"/>
        <line num="16" type="stmt" count="11"/>
        <line num="17" type="stmt" count="11"/>
        <line num="18" type="stmt" count="11"/>
        <line num="20" type="method" name="__get" visibility="public" complexity="1" crap="1" count="11"/>
        <line num="22" type="stmt" count="11"/>
        <line num="25" type="method" name="__set" visibility="public" complexity="1" crap="2" count="0"/>
        <line num="27" type="stmt" count="0"/>
        <line num="28" type="stmt" count="0"/>
        <line num="34" type="method" name="hasSub" visibility="public" complexity="3" crap="5.67" count="11"/>
        <line num="36" type="stmt" count="11"/>
        <line num="37" type="stmt" count="0"/>
        <line num="38" type="stmt" count="0"/>
        <line num="45" type="method" name="getSub" visibility="public" complexity="2" crap="6" count="0"/>
        <line num="47" type="stmt" count="0"/>
        <line num="48" type="stmt" count="0"/>
        <line num="55" type="method" name="isPage" visibility="public" complexity="1" crap="1" count="11"/>
        <line num="57" type="stmt" count="11"/>
        <line num="65" type="method" name="isActive" visibility="public" complexity="6" crap="42" count="0"/>
        <line num="67" type="stmt" count="0"/>
        <line num="68" type="stmt" count="0"/>
        <line num="69" type="stmt" count="0"/>
        <line num="70" type="stmt" count="0"/>
        <line num="73" type="stmt" count="0"/>
        <line num="80" type="method" name="getTargetUrl" visibility="protected" complexity="3" crap="3.33" count="11"/>
        <line num="82" type="stmt" count="11"/>
        <line num="83" type="stmt" count="11"/>
        <line num="85" type="stmt" count="0"/>
        <line num="92" type="method" name="getLocalActive" visibility="protected" complexity="2" crap="2" count="11"/>
        <line num="94" type="stmt" count="11"/>
        <line num="95" type="stmt" count="11"/>
        <line num="102" type="method" name="isPageActive" visibility="protected" complexity="2" crap="2" count="11"/>
        <line num="104" type="stmt" count="11"/>
        <line num="105" type="stmt" count="11"/>
        <line num="112" type="method" name="isUrlActive" visibility="protected" complexity="2" crap="2" count="11"/>
        <line num="114" type="stmt" count="11"/>
        <line num="115" type="stmt" count="11"/>
        <line num="116" type="stmt" count="11"/>
        <metrics loc="118" ncloc="85" classes="1" methods="11" coveredmethods="6" conditionals="0" coveredconditionals="0" statements="28" coveredstatements="16" elements="39" coveredelements="22"/>
      </file>
      <file name="/Users/whitecube/Sites/Kabas/core/src/Kabas/Controller/PartialController.php">
        <class name="PartialController" namespace="Kabas\Controller">
          <metrics complexity="0" methods="0" coveredmethods="0" conditionals="0" coveredconditionals="0" statements="0" coveredstatements="0" elements="0" coveredelements="0"/>
        </class>
        <metrics loc="8" ncloc="8" classes="0" methods="0" coveredmethods="0" conditionals="0" coveredconditionals="0" statements="0" coveredstatements="0" elements="0" coveredelements="0"/>
      </file>
      <file name="/Users/whitecube/Sites/Kabas/core/src/Kabas/Controller/TemplateController.php">
        <class name="TemplateController" namespace="Kabas\Controller">
          <metrics complexity="0" methods="0" coveredmethods="0" conditionals="0" coveredconditionals="0" statements="0" coveredstatements="0" elements="0" coveredelements="0"/>
        </class>
        <metrics loc="8" ncloc="8" classes="0" methods="0" coveredmethods="0" conditionals="0" coveredconditionals="0" statements="0" coveredstatements="0" elements="0" coveredelements="0"/>
      </file>
    </package>
    <package name="Kabas\Drivers">
      <file name="/Users/whitecube/Sites/Kabas/core/src/Kabas/Drivers/Eloquent.php">
        <class name="Eloquent" namespace="Kabas\Drivers">
          <metrics complexity="37" methods="20" coveredmethods="0" conditionals="0" coveredconditionals="0" statements="131" coveredstatements="0" elements="151" coveredelements="0"/>
        </class>
        <line num="13" type="method" name="__construct" visibility="public" complexity="1" crap="2" count="0"/>
        <line num="14" type="stmt" count="0"/>
        <line num="15" type="stmt" count="0"/>
        <line num="16" type="stmt" count="0"/>
        <line num="17" type="stmt" count="0"/>
        <line num="18" type="stmt" count="0"/>
        <line num="19" type="stmt" count="0"/>
        <line num="20" type="stmt" count="0"/>
        <line num="21" type="stmt" count="0"/>
        <line num="22" type="stmt" count="0"/>
        <line num="23" type="stmt" count="0"/>
        <line num="24" type="stmt" count="0"/>
        <line num="31" type="method" name="loopThroughFields" visibility="protected" complexity="2" crap="6" count="0"/>
        <line num="32" type="stmt" count="0"/>
        <line num="33" type="stmt" count="0"/>
        <line num="34" type="stmt" count="0"/>
        <line num="35" type="stmt" count="0"/>
        <line num="36" type="stmt" count="0"/>
        <line num="37" type="stmt" count="0"/>
        <line num="45" type="method" name="instanciateField" visibility="protected" complexity="3" crap="12" count="0"/>
        <line num="46" type="stmt" count="0"/>
        <line num="47" type="stmt" count="0"/>
        <line num="48" type="stmt" count="0"/>
        <line num="49" type="stmt" count="0"/>
        <line num="50" type="stmt" count="0"/>
        <line num="51" type="stmt" count="0"/>
        <line num="52" type="stmt" count="0"/>
        <line num="53" type="stmt" count="0"/>
        <line num="54" type="stmt" count="0"/>
        <line num="55" type="stmt" count="0"/>
        <line num="56" type="stmt" count="0"/>
        <line num="58" type="stmt" count="0"/>
        <line num="59" type="stmt" count="0"/>
        <line num="73" type="method" name="setAttribute" visibility="public" complexity="4" crap="20" count="0"/>
        <line num="74" type="stmt" count="0"/>
        <line num="75" type="stmt" count="0"/>
        <line num="76" type="stmt" count="0"/>
        <line num="77" type="stmt" count="0"/>
        <line num="78" type="stmt" count="0"/>
        <line num="79" type="stmt" count="0"/>
        <line num="82" type="method" name="all" visibility="public" complexity="2" crap="6" count="0"/>
        <line num="83" type="stmt" count="0"/>
        <line num="84" type="stmt" count="0"/>
        <line num="85" type="stmt" count="0"/>
        <line num="86" type="stmt" count="0"/>
        <line num="87" type="stmt" count="0"/>
        <line num="89" type="method" name="observe" visibility="public" complexity="4" crap="20" count="0"/>
        <line num="90" type="stmt" count="0"/>
        <line num="91" type="stmt" count="0"/>
        <line num="92" type="stmt" count="0"/>
        <line num="93" type="stmt" count="0"/>
        <line num="94" type="stmt" count="0"/>
        <line num="95" type="stmt" count="0"/>
        <line num="96" type="stmt" count="0"/>
        <line num="97" type="stmt" count="0"/>
        <line num="98" type="stmt" count="0"/>
        <line num="100" type="method" name="newInstance" visibility="public" complexity="1" crap="2" count="0"/>
        <line num="101" type="stmt" count="0"/>
        <line num="102" type="stmt" count="0"/>
        <line num="103" type="stmt" count="0"/>
        <line num="104" type="stmt" count="0"/>
        <line num="105" type="stmt" count="0"/>
        <line num="108" type="method" name="hydrate" visibility="public" complexity="1" crap="2" count="0"/>
        <line num="109" type="stmt" count="0"/>
        <line num="110" type="stmt" count="0"/>
        <line num="112" type="stmt" count="0"/>
        <line num="113" type="stmt" count="0"/>
        <line num="114" type="stmt" count="0"/>
        <line num="115" type="stmt" count="0"/>
        <line num="116" type="stmt" count="0"/>
        <line num="118" type="method" name="hydrateRaw" visibility="public" complexity="1" crap="2" count="0"/>
        <line num="119" type="stmt" count="0"/>
        <line num="120" type="stmt" count="0"/>
        <line num="121" type="stmt" count="0"/>
        <line num="122" type="stmt" count="0"/>
        <line num="123" type="stmt" count="0"/>
        <line num="125" type="method" name="create" visibility="public" complexity="1" crap="2" count="0"/>
        <line num="126" type="stmt" count="0"/>
        <line num="127" type="stmt" count="0"/>
        <line num="128" type="stmt" count="0"/>
        <line num="129" type="stmt" count="0"/>
        <line num="130" type="stmt" count="0"/>
        <line num="132" type="method" name="forceCreate" visibility="public" complexity="1" crap="2" count="0"/>
        <line num="133" type="stmt" count="0"/>
        <line num="134" type="stmt" count="0"/>
        <line num="135" type="method" name="anonymous function" complexity="1" crap="2" count="0"/>
        <line num="136" type="stmt" count="0"/>
        <line num="137" type="stmt" count="0"/>
        <line num="138" type="stmt" count="0"/>
        <line num="140" type="method" name="query" visibility="public" complexity="1" crap="2" count="0"/>
        <line num="141" type="stmt" count="0"/>
        <line num="142" type="stmt" count="0"/>
        <line num="143" type="stmt" count="0"/>
        <line num="145" type="method" name="on" visibility="public" complexity="1" crap="2" count="0"/>
        <line num="146" type="stmt" count="0"/>
        <line num="147" type="stmt" count="0"/>
        <line num="148" type="stmt" count="0"/>
        <line num="149" type="stmt" count="0"/>
        <line num="150" type="stmt" count="0"/>
        <line num="152" type="method" name="onWriteConnection" visibility="public" complexity="1" crap="2" count="0"/>
        <line num="153" type="stmt" count="0"/>
        <line num="154" type="stmt" count="0"/>
        <line num="155" type="stmt" count="0"/>
        <line num="156" type="stmt" count="0"/>
        <line num="158" type="method" name="with" visibility="public" complexity="2" crap="6" count="0"/>
        <line num="159" type="stmt" count="0"/>
        <line num="160" type="stmt" count="0"/>
        <line num="161" type="stmt" count="0"/>
        <line num="162" type="stmt" count="0"/>
        <line num="163" type="stmt" count="0"/>
        <line num="164" type="stmt" count="0"/>
        <line num="165" type="stmt" count="0"/>
        <line num="167" type="method" name="destroy" visibility="public" complexity="4" crap="20" count="0"/>
        <line num="168" type="stmt" count="0"/>
        <line num="169" type="stmt" count="0"/>
        <line num="170" type="stmt" count="0"/>
        <line num="171" type="stmt" count="0"/>
        <line num="172" type="stmt" count="0"/>
        <line num="173" type="stmt" count="0"/>
        <line num="174" type="stmt" count="0"/>
        <line num="175" type="stmt" count="0"/>
        <line num="176" type="stmt" count="0"/>
        <line num="177" type="stmt" count="0"/>
        <line num="178" type="stmt" count="0"/>
        <line num="179" type="stmt" count="0"/>
        <line num="181" type="method" name="flushEventListeners" visibility="public" complexity="3" crap="12" count="0"/>
        <line num="182" type="stmt" count="0"/>
        <line num="183" type="stmt" count="0"/>
        <line num="184" type="stmt" count="0"/>
        <line num="185" type="stmt" count="0"/>
        <line num="186" type="stmt" count="0"/>
        <line num="187" type="stmt" count="0"/>
        <line num="188" type="stmt" count="0"/>
        <line num="189" type="stmt" count="0"/>
        <line num="190" type="stmt" count="0"/>
        <line num="192" type="method" name="replicate" visibility="public" complexity="2" crap="6" count="0"/>
        <line num="193" type="stmt" count="0"/>
        <line num="194" type="stmt" count="0"/>
        <line num="195" type="stmt" count="0"/>
        <line num="196" type="stmt" count="0"/>
        <line num="197" type="stmt" count="0"/>
        <line num="198" type="stmt" count="0"/>
        <line num="199" type="stmt" count="0"/>
        <line num="200" type="stmt" count="0"/>
        <line num="201" type="stmt" count="0"/>
        <line num="202" type="stmt" count="0"/>
        <line num="203" type="stmt" count="0"/>
        <line num="205" type="method" name="__callStatic" visibility="public" complexity="1" crap="2" count="0"/>
        <line num="206" type="stmt" count="0"/>
        <line num="207" type="stmt" count="0"/>
        <line num="208" type="stmt" count="0"/>
        <line num="209" type="stmt" count="0"/>
        <metrics loc="211" ncloc="193" classes="1" methods="20" coveredmethods="0" conditionals="0" coveredconditionals="0" statements="132" coveredstatements="0" elements="152" coveredelements="0"/>
      </file>
      <file name="/Users/whitecube/Sites/Kabas/core/src/Kabas/Drivers/Json.php">
        <class name="Json" namespace="Kabas\Drivers">
          <metrics complexity="112" methods="47" coveredmethods="7" conditionals="0" coveredconditionals="0" statements="188" coveredstatements="29" elements="235" coveredelements="36"/>
        </class>
        <line num="33" type="method" name="__construct" visibility="public" complexity="1" crap="1" count="15"/>
        <line num="35" type="stmt" count="15"/>
        <line num="36" type="stmt" count="15"/>
        <line num="37" type="stmt" count="15"/>
        <line num="44" type="method" name="getContentPath" visibility="public" complexity="2" crap="2" count="6"/>
        <line num="46" type="stmt" count="6"/>
        <line num="47" type="stmt" count="6"/>
        <line num="55" type="method" name="stackItems" visibility="protected" complexity="2" crap="2" count="3"/>
        <line num="57" type="stmt" count="3"/>
        <line num="58" type="stmt" count="3"/>
        <line num="59" type="stmt" count="3"/>
        <line num="60" type="stmt" count="3"/>
        <line num="62" type="stmt" count="3"/>
        <line num="63" type="stmt" count="3"/>
        <line num="71" type="method" name="getAttributesArrayFromRawData" visibility="protected" complexity="4" crap="4" count="3"/>
        <line num="73" type="stmt" count="3"/>
        <line num="74" type="stmt" count="3"/>
        <line num="75" type="stmt" count="3"/>
        <line num="76" type="stmt" count="3"/>
        <line num="77" type="stmt" count="3"/>
        <line num="79" type="stmt" count="3"/>
        <line num="87" type="method" name="all" visibility="public" complexity="2" crap="2" count="1"/>
        <line num="89" type="stmt" count="1"/>
        <line num="90" type="stmt" count="1"/>
        <line num="91" type="stmt" count="1"/>
        <line num="101" type="method" name="find" visibility="public" complexity="3" crap="3" count="4"/>
        <line num="103" type="stmt" count="4"/>
        <line num="105" type="stmt" count="4"/>
        <line num="106" type="stmt" count="3"/>
        <line num="107" type="stmt" count="3"/>
        <line num="109" type="stmt" count="2"/>
        <line num="119" type="method" name="findMany" visibility="public" complexity="3" crap="3" count="2"/>
        <line num="121" type="stmt" count="2"/>
        <line num="122" type="stmt" count="2"/>
        <line num="124" type="stmt" count="2"/>
        <line num="125" type="stmt" count="1"/>
        <line num="136" type="method" name="where" visibility="public" complexity="4" crap="20" count="0"/>
        <line num="139" type="stmt" count="0"/>
        <line num="140" type="stmt" count="0"/>
        <line num="141" type="stmt" count="0"/>
        <line num="143" type="stmt" count="0"/>
        <line num="145" type="stmt" count="0"/>
        <line num="146" type="stmt" count="0"/>
        <line num="147" type="stmt" count="0"/>
        <line num="148" type="stmt" count="0"/>
        <line num="150" type="stmt" count="0"/>
        <line num="151" type="stmt" count="0"/>
        <line num="161" type="method" name="orWhere" visibility="public" complexity="4" crap="20" count="0"/>
        <line num="163" type="stmt" count="0"/>
        <line num="164" type="stmt" count="0"/>
        <line num="165" type="stmt" count="0"/>
        <line num="167" type="stmt" count="0"/>
        <line num="169" type="stmt" count="0"/>
        <line num="170" type="stmt" count="0"/>
        <line num="171" type="stmt" count="0"/>
[...]
        <line num="144" type="stmt" count="5"/>
        <line num="145" type="stmt" count="5"/>
        <line num="148" type="method" name="getPath" visibility="protected" complexity="1" crap="1" count="6"/>
        <line num="150" type="stmt" count="6"/>
        <line num="158" type="method" name="getLocationTag" visibility="protected" complexity="1" crap="1" count="2"/>
        <line num="160" type="stmt" count="2"/>
        <line num="167" type="method" name="getLocationPattern" visibility="protected" complexity="1" crap="1" count="11"/>
        <line num="169" type="stmt" count="11"/>
        <line num="170" type="stmt" count="11"/>
        <line num="171" type="stmt" count="11"/>
        <line num="179" type="method" name="getLocationAssets" visibility="protected" complexity="4" crap="4" count="6"/>
        <line num="181" type="stmt" count="6"/>
        <line num="182" type="stmt" count="6"/>
        <line num="183" type="stmt" count="6"/>
        <line num="184" type="stmt" count="6"/>
        <line num="187" type="stmt" count="6"/>
        <line num="195" type="method" name="getAsset" visibility="protected" complexity="4" crap="4" count="6"/>
        <line num="197" type="stmt" count="6"/>
        <line num="198" type="stmt" count="6"/>
        <line num="199" type="stmt" count="1"/>
        <line num="202" type="stmt" count="5"/>
        <line num="203" type="stmt" count="5"/>
        <line num="204" type="stmt" count="5"/>
        <line num="206" type="stmt" count="6"/>
        <line num="207" type="stmt" count="6"/>
        <line num="219" type="method" name="includeLocation" visibility="protected" complexity="1" crap="1" count="6"/>
        <line num="221" type="stmt" count="6"/>
        <line num="222" type="stmt" count="6"/>
        <line num="230" type="method" name="getTagsString" visibility="protected" complexity="2" crap="2" count="6"/>
        <line num="232" type="stmt" count="6"/>
        <line num="233" type="stmt" count="6"/>
        <line num="234" type="stmt" count="6"/>
        <line num="236" type="stmt" count="6"/>
        <metrics loc="238" ncloc="158" classes="1" methods="16" coveredmethods="16" conditionals="0" coveredconditionals="0" statements="68" coveredstatements="68" elements="84" coveredelements="84"/>
      </file>
      <file name="/Users/whitecube/Sites/Kabas/core/src/Kabas/Utils/Benchmark.php">
        <class name="Benchmark" namespace="Kabas\Utils">
          <metrics complexity="4" methods="3" coveredmethods="3" conditionals="0" coveredconditionals="0" statements="11" coveredstatements="11" elements="14" coveredelements="14"/>
        </class>
        <line num="18" type="method" name="start" complexity="1" crap="1" count="3"/>
        <line num="20" type="stmt" count="3"/>
        <line num="21" type="stmt" count="3"/>
        <line num="22" type="stmt" count="3"/>
        <line num="28" type="method" name="inspect" complexity="2" crap="2" count="4"/>
        <line num="30" type="stmt" count="4"/>
        <line num="31" type="stmt" count="3"/>
        <line num="32" type="stmt" count="3"/>
        <line num="33" type="stmt" count="3"/>
        <line num="34" type="stmt" count="3"/>
        <line num="41" type="method" name="stop" complexity="1" crap="1" count="2"/>
        <line num="43" type="stmt" count="2"/>
        <line num="44" type="stmt" count="1"/>
        <line num="45" type="stmt" count="1"/>
        <metrics loc="47" ncloc="30" classes="1" methods="3" coveredmethods="3" conditionals="0" coveredconditionals="0" statements="11" coveredstatements="11" elements="14" coveredelements="14"/>
      </file>
      <file name="/Users/whitecube/Sites/Kabas/core/src/Kabas/Utils/File.php">
        <class name="File" namespace="Kabas\Utils">
          <metrics complexity="20" methods="8" coveredmethods="8" conditionals="0" coveredconditionals="0" statements="31" coveredstatements="31" elements="39" coveredelements="39"/>
        </class>
        <line num="17" type="method" name="loadJson" complexity="3" crap="3" count="36"/>
        <line num="19" type="stmt" count="36"/>
        <line num="20" type="stmt" count="35"/>
        <line num="21" type="stmt" count="35"/>
        <line num="22" type="stmt" count="35"/>
        <line num="23" type="stmt" count="33"/>
        <line num="32" type="method" name="writeJson" complexity="1" crap="1" count="5"/>
        <line num="34" type="stmt" count="5"/>
        <line num="35" type="stmt" count="5"/>
        <line num="43" type="method" name="write" complexity="1" crap="1" count="9"/>
        <line num="45" type="stmt" count="9"/>
        <line num="46" type="stmt" count="9"/>
        <line num="53" type="method" name="read" complexity="1" crap="1" count="1"/>
        <line num="55" type="stmt" count="1"/>
        <line num="58" type="method" name="deleteJson" complexity="1" crap="1" count="9"/>
        <line num="60" type="stmt" count="9"/>
        <line num="61" type="stmt" count="9"/>
        <line num="68" type="method" name="parseDirectory" complexity="5" crap="5" count="1"/>
        <line num="70" type="stmt" count="1"/>
        <line num="71" type="stmt" count="1"/>
        <line num="73" type="stmt" count="1"/>
        <line num="74" type="stmt" count="1"/>
        <line num="75" type="stmt" count="1"/>
        <line num="76" type="stmt" count="1"/>
        <line num="78" type="stmt" count="1"/>
        <line num="82" type="stmt" count="1"/>
        <line num="90" type="method" name="loadJsonFromDir" complexity="7" crap="7" count="19"/>
        <line num="92" type="stmt" count="19"/>
        <line num="93" type="stmt" count="19"/>
        <line num="94" type="stmt" count="19"/>
        <line num="95" type="stmt" count="19"/>
        <line num="96" type="stmt" count="19"/>
        <line num="97" type="stmt" count="1"/>
        <line num="99" type="stmt" count="19"/>
        <line num="100" type="stmt" count="19"/>
        <line num="105" type="stmt" count="17"/>
        <line num="113" type="method" name="isJson" complexity="1" crap="1" count="20"/>
        <line num="115" type="stmt" count="20"/>
        <line num="116" type="stmt" count="20"/>
        <metrics loc="119" ncloc="81" classes="1" methods="8" coveredmethods="8" conditionals="0" coveredconditionals="0" statements="31" coveredstatements="31" elements="39" coveredelements="39"/>
      </file>
      <file name="/Users/whitecube/Sites/Kabas/core/src/Kabas/Utils/Lang.php">
        <class name="Lang" namespace="Kabas\Utils">
          <metrics complexity="4" methods="3" coveredmethods="2" conditionals="0" coveredconditionals="0" statements="6" coveredstatements="2" elements="9" coveredelements="4"/>
        </class>
        <line num="15" type="method" name="__callStatic" complexity="1" crap="1" count="35"/>
        <line num="17" type="stmt" count="35"/>
        <line num="24" type="method" name="getMenu" complexity="2" crap="6" count="0"/>
        <line num="27" type="stmt" count="0"/>
        <line num="28" type="stmt" count="0"/>
        <line num="29" type="stmt" count="0"/>
        <line num="31" type="stmt" count="0"/>
        <line num="34" type="method" name="trans" complexity="1" crap="1" count="11"/>
        <line num="36" type="stmt" count="11"/>
        <metrics loc="38" ncloc="28" classes="1" methods="3" coveredmethods="2" conditionals="0" coveredconditionals="0" statements="6" coveredstatements="2" elements="9" coveredelements="4"/>
      </file>
      <file name="/Users/whitecube/Sites/Kabas/core/src/Kabas/Utils/Menu.php">
        <class name="Menu" namespace="Kabas\Utils">
          <metrics complexity="4" methods="2" coveredmethods="2" conditionals="0" coveredconditionals="0" statements="8" coveredstatements="8" elements="10" coveredelements="10"/>
        </class>
        <line num="15" type="method" name="get" complexity="2" crap="2" count="11"/>
        <line num="17" type="stmt" count="11"/>
        <line num="18" type="stmt" count="11"/>
        <line num="19" type="stmt" count="11"/>
        <line num="20" type="stmt" count="11"/>
        <line num="22" type="stmt" count="11"/>
        <line num="24" type="method" name="__callStatic" complexity="2" crap="2" count="11"/>
        <line num="26" type="stmt" count="11"/>
        <line num="27" type="stmt" count="11"/>
        <line num="28" type="stmt" count="11"/>
        <metrics loc="29" ncloc="23" classes="1" methods="2" coveredmethods="2" conditionals="0" coveredconditionals="0" statements="8" coveredstatements="8" elements="10" coveredelements="10"/>
      </file>
      <file name="/Users/whitecube/Sites/Kabas/core/src/Kabas/Utils/Meta.php">
        <class name="Meta" namespace="Kabas\Utils">
          <metrics complexity="7" methods="4" coveredmethods="0" conditionals="0" coveredconditionals="0" statements="12" coveredstatements="0" elements="16" coveredelements="0"/>
        </class>
        <line num="14" type="method" name="set" complexity="1" crap="2" count="0"/>
        <line num="16" type="stmt" count="0"/>
        <line num="17" type="stmt" count="0"/>
        <line num="18" type="stmt" count="0"/>
        <line num="25" type="method" name="get" complexity="2" crap="6" count="0"/>
        <line num="27" type="stmt" count="0"/>
        <line num="28" type="stmt" count="0"/>
        <line num="29" type="stmt" count="0"/>
        <line num="36" type="method" name="all" complexity="2" crap="6" count="0"/>
        <line num="38" type="stmt" count="0"/>
        <line num="39" type="stmt" count="0"/>
        <line num="40" type="stmt" count="0"/>
        <line num="47" type="method" name="output" complexity="2" crap="6" count="0"/>
        <line num="49" type="stmt" count="0"/>
        <line num="50" type="stmt" count="0"/>
        <line num="52" type="stmt" count="0"/>
        <metrics loc="53" ncloc="35" classes="1" methods="4" coveredmethods="0" conditionals="0" coveredconditionals="0" statements="12" coveredstatements="0" elements="16" coveredelements="0"/>
      </file>
      <file name="/Users/whitecube/Sites/Kabas/core/src/Kabas/Utils/Page.php">
        <class name="Page" namespace="Kabas\Utils">
          <metrics complexity="3" methods="3" coveredmethods="1" conditionals="0" coveredconditionals="0" statements="3" coveredstatements="1" elements="6" coveredelements="2"/>
        </class>
        <line num="13" type="method" name="title" complexity="1" crap="2" count="0"/>
        <line num="15" type="stmt" count="0"/>
        <line num="22" type="method" name="id" complexity="1" crap="1" count="11"/>
        <line num="24" type="stmt" count="11"/>
        <line num="31" type="method" name="template" complexity="1" crap="2" count="0"/>
        <line num="33" type="stmt" count="0"/>
        <metrics loc="35" ncloc="23" classes="1" methods="3" coveredmethods="1" conditionals="0" coveredconditionals="0" statements="3" coveredstatements="1" elements="6" coveredelements="2"/>
      </file>
      <file name="/Users/whitecube/Sites/Kabas/core/src/Kabas/Utils/Part.php">
        <class name="Part" namespace="Kabas\Utils">
          <metrics complexity="4" methods="2" coveredmethods="2" conditionals="0" coveredconditionals="0" statements="8" coveredstatements="8" elements="10" coveredelements="10"/>
        </class>
        <line num="15" type="method" name="get" complexity="2" crap="2" count="11"/>
        <line num="17" type="stmt" count="11"/>
        <line num="18" type="stmt" count="11"/>
        <line num="19" type="stmt" count="11"/>
        <line num="20" type="stmt" count="11"/>
        <line num="22" type="stmt" count="11"/>
        <line num="24" type="method" name="__callStatic" complexity="2" crap="2" count="11"/>
        <line num="26" type="stmt" count="11"/>
        <line num="27" type="stmt" count="11"/>
        <line num="28" type="stmt" count="11"/>
        <metrics loc="29" ncloc="23" classes="1" methods="2" coveredmethods="2" conditionals="0" coveredconditionals="0" statements="8" coveredstatements="8" elements="10" coveredelements="10"/>
      </file>
      <file name="/Users/whitecube/Sites/Kabas/core/src/Kabas/Utils/Session.php">
        <class name="Session" namespace="Kabas\Utils">
          <metrics complexity="1" methods="1" coveredmethods="1" conditionals="0" coveredconditionals="0" statements="1" coveredstatements="1" elements="2" coveredelements="2"/>
        </class>
        <line num="9" type="method" name="__callStatic" complexity="1" crap="1" count="1"/>
        <line num="11" type="stmt" count="1"/>
        <metrics loc="13" ncloc="13" classes="1" methods="1" coveredmethods="1" conditionals="0" coveredconditionals="0" statements="1" coveredstatements="1" elements="2" coveredelements="2"/>
      </file>
      <file name="/Users/whitecube/Sites/Kabas/core/src/Kabas/Utils/Text.php">
        <class name="Text" namespace="Kabas\Utils">
          <metrics complexity="3" methods="3" coveredmethods="3" conditionals="0" coveredconditionals="0" statements="11" coveredstatements="11" elements="14" coveredelements="14"/>
        </class>
        <line num="12" type="method" name="toNamespace" complexity="1" crap="1" count="37"/>
        <line num="14" type="stmt" count="37"/>
        <line num="15" type="stmt" count="37"/>
        <line num="16" type="stmt" count="37"/>
        <line num="17" type="stmt" count="37"/>
        <line num="18" type="stmt" count="37"/>
        <line num="25" type="method" name="removeNamespace" complexity="1" crap="1" count="15"/>
        <line num="27" type="stmt" count="15"/>
        <line num="35" type="method" name="toSlug" complexity="1" crap="1" count="1"/>
        <line num="37" type="stmt" count="1"/>
        <line num="38" type="stmt" count="1"/>
        <line num="39" type="stmt" count="1"/>
        <line num="40" type="stmt" count="1"/>
        <line num="41" type="stmt" count="1"/>
        <metrics loc="43" ncloc="28" classes="1" methods="3" coveredmethods="3" conditionals="0" coveredconditionals="0" statements="11" coveredstatements="11" elements="14" coveredelements="14"/>
      </file>
      <file name="/Users/whitecube/Sites/Kabas/core/src/Kabas/Utils/Url.php">
        <class name="Url" namespace="Kabas\Utils">
          <metrics complexity="19" methods="10" coveredmethods="4" conditionals="0" coveredconditionals="0" statements="29" coveredstatements="15" elements="39" coveredelements="19"/>
        </class>
        <line num="18" type="method" name="to" complexity="2" crap="2" count="12"/>
        <line num="20" type="stmt" count="12"/>
        <line num="21" type="stmt" count="12"/>
        <line num="22" type="stmt" count="12"/>
        <line num="29" type="method" name="getCurrent" complexity="1" crap="2" count="0"/>
        <line num="31" type="stmt" count="0"/>
        <line num="32" type="stmt" count="0"/>
        <line num="40" type="method" name="lang" complexity="1" crap="2" count="0"/>
        <line num="42" type="stmt" count="0"/>
        <line num="43" type="stmt" count="0"/>
        <line num="50" type="method" name="base" complexity="1" crap="1" count="12"/>
        <line num="52" type="stmt" count="12"/>
        <line num="59" type="method" name="asset" complexity="1" crap="2" count="0"/>
        <line num="61" type="stmt" count="0"/>
        <line num="69" type="method" name="fromPath" complexity="2" crap="6" count="0"/>
        <line num="71" type="stmt" count="0"/>
        <line num="72" type="stmt" count="0"/>
        <line num="73" type="stmt" count="0"/>
        <line num="81" type="method" name="parse" complexity="1" crap="2" count="0"/>
        <line num="83" type="stmt" count="0"/>
        <line num="91" type="method" name="route" complexity="1" crap="1" count="11"/>
        <line num="93" type="stmt" count="11"/>
        <line num="103" type="method" name="generate" visibility="protected" complexity="3" crap="3" count="12"/>
        <line num="105" type="stmt" count="12"/>
        <line num="106" type="stmt" count="12"/>
        <line num="107" type="stmt" count="12"/>
        <line num="108" type="stmt" count="12"/>
        <line num="110" type="stmt" count="12"/>
        <line num="111" type="stmt" count="12"/>
        <line num="121" type="method" name="fillRouteWithParams" visibility="protected" complexity="6" crap="12.17" count="12"/>
        <line num="123" type="stmt" count="12"/>
        <line num="124" type="stmt" count="12"/>
        <line num="125" type="stmt" count="12"/>
        <line num="126" type="stmt" count="0"/>
        <line num="127" type="stmt" count="0"/>
        <line num="128" type="stmt" count="0"/>
        <line num="129" type="stmt" count="0"/>
        <line num="131" type="stmt" count="0"/>
        <line num="134" type="stmt" count="12"/>
        <metrics loc="136" ncloc="83" classes="1" methods="10" coveredmethods="4" conditionals="0" coveredconditionals="0" statements="29" coveredstatements="15" elements="39" coveredelements="19"/>
      </file>
    </package>
    <file name="/Users/whitecube/Sites/Kabas/core/src/Kabas/View/404.php">
      <line num="1" type="stmt" count="1"/>
      <metrics loc="28" ncloc="28" classes="0" methods="0" coveredmethods="0" conditionals="0" coveredconditionals="0" statements="1" coveredstatements="1" elements="1" coveredelements="1"/>
    </file>
    <package name="Kabas\View">
      <file name="/Users/whitecube/Sites/Kabas/core/src/Kabas/View/View.php">
        <class name="View" namespace="Kabas\View">
          <metrics complexity="14" methods="7" coveredmethods="7" conditionals="0" coveredconditionals="0" statements="24" coveredstatements="24" elements="31" coveredelements="31"/>
        </class>
        <line num="14" type="method" name="__construct" visibility="public" complexity="4" crap="4" count="11"/>
        <line num="16" type="stmt" count="11"/>
        <line num="18" type="stmt" count="11"/>
        <line num="19" type="stmt" count="11"/>
        <line num="21" type="stmt" count="11"/>
        <line num="22" type="stmt" count="11"/>
        <line num="29" type="method" name="isFirstView" complexity="3" crap="3" count="11"/>
        <line num="31" type="stmt" count="11"/>
        <line num="32" type="stmt" count="11"/>
        <line num="33" type="stmt" count="11"/>
        <line num="35" type="stmt" count="11"/>
        <line num="36" type="stmt" count="11"/>
        <line num="45" type="method" name="make" complexity="1" crap="1" count="11"/>
        <line num="47" type="stmt" count="11"/>
        <line num="55" type="method" name="getTemplateFile" visibility="protected" complexity="1" crap="1" count="11"/>
        <line num="57" type="stmt" count="11"/>
        <line num="58" type="stmt" count="11"/>
        <line num="59" type="stmt" count="11"/>
        <line num="68" type="method" name="checkViewExtension" visibility="protected" complexity="2" crap="2" count="11"/>
        <line num="70" type="stmt" count="11"/>
        <line num="71" type="stmt" count="11"/>
        <line num="74" type="method" name="showPage" visibility="protected" complexity="1" crap="1" count="11"/>
        <line num="76" type="stmt" count="11"/>
        <line num="77" type="stmt" count="11"/>
        <line num="78" type="stmt" count="11"/>
        <line num="79" type="stmt" count="11"/>
        <line num="80" type="stmt" count="11"/>
        <line num="86" type="method" name="notFound" complexity="2" crap="2" count="1"/>
        <line num="88" type="stmt" count="1"/>
        <line num="89" type="stmt" count="1"/>
        <line num="90" type="stmt" count="1"/>
        <metrics loc="91" ncloc="65" classes="1" methods="7" coveredmethods="7" conditionals="0" coveredconditionals="0" statements="24" coveredstatements="24" elements="31" coveredelements="31"/>
      </file>
    </package>
    <metrics files="99" loc="7820" ncloc="5863" classes="88" methods="615" coveredmethods="277" conditionals="0" coveredconditionals="0" statements="2541" coveredstatements="949" elements="3156" coveredelements="1226"/>
  </project>
</coverage>
